<?xml version="1.0" encoding="UTF-8"?>
<!-- Generated by org.testng.reporters.JUnitReportReporter -->
<testsuite hostname="DELL" failures="0" tests="1" name="test.Testclass" time="19.553" errors="0" timestamp="2024-11-26T14:53:07 IST" skipped="0">
  <testcase classname="test.Testclass" name="testECommerceFlow" time="19.553"/>
  <system-out/>
</testsuite> <!-- test.Testclass -->
